2018-01-03 11:15:38,975 [main] INFO   sapient - service instance is           
2018-01-03 11:15:38,977 [main] INFO   sapient - transfer the amount Rs.5000 from Acc1001 to Acc1002
2018-01-03 11:15:38,978 [main] INFO   sapient - account ID 1001 found
2018-01-03 11:15:38,980 [main] ERROR  sapient - No ID Found
com.sapient.exceptions.IdException: No ID Found
	at com.sapient.dao.DaoImpl.getAccount(DaoImpl.java:33)
	at com.sapient.service.SerImpl.transferFund(SerImpl.java:38)
	at com.sapient.client.TransferClient.main(TransferClient.java:24)
2018-01-03 11:15:38,980 [main] INFO   sapient - transfer the amount Rs.500 from Acc1003 to Acc1002
2018-01-03 11:15:38,980 [main] ERROR  sapient - No ID Found
com.sapient.exceptions.IdException: No ID Found
	at com.sapient.dao.DaoImpl.getAccount(DaoImpl.java:33)
	at com.sapient.service.SerImpl.transferFund(SerImpl.java:35)
	at com.sapient.client.TransferClient.main(TransferClient.java:32)
2018-01-03 11:15:38,981 [main] INFO   sapient - transfer the amount Rs.500 from Acc2003 to Acc1002
2018-01-03 11:15:38,981 [main] ERROR  sapient - No ID Found
com.sapient.exceptions.IdException: No ID Found
	at com.sapient.dao.DaoImpl.getAccount(DaoImpl.java:33)
	at com.sapient.service.SerImpl.transferFund(SerImpl.java:35)
	at com.sapient.client.TransferClient.main(TransferClient.java:40)
